<?xml version="1.0" encoding="UTF-8"?>
<!-- Generated by org.testng.reporters.JUnitXMLReporter -->
<testsuite hostname="Prajaktas-MacBook-Pro.local" name="Default test" tests="1" failures="0" timestamp="9 May 2021 07:37:13 GMT" time="0.025" errors="0">
  <testcase name="@BeforeSuite init" time="0.0" classname="com.ibm.testScripts.TopGainerTest">
    <failure type="org.testng.TestNGException" message="
Parameter &amp;apos;browser&amp;apos; is required by @Configuration on method init but has not been marked @Optional or defined
in /private/var/folders/mb/36m2q8vs39j1ty9m_9cb9lph0000gn/T/testng-eclipse--1051444377/testng-customsuite.xml">
      <![CDATA[org.testng.TestNGException: 
Parameter 'browser' is required by @Configuration on method init but has not been marked @Optional or defined
in /private/var/folders/mb/36m2q8vs39j1ty9m_9cb9lph0000gn/T/testng-eclipse--1051444377/testng-customsuite.xml
	at org.testng.internal.Parameters.createParameters(Parameters.java:154)
	at org.testng.internal.Parameters.createParameters(Parameters.java:361)
	at org.testng.internal.Parameters.createConfigurationParameters(Parameters.java:84)
	at org.testng.internal.Invoker.invokeConfigurations(Invoker.java:201)
	at org.testng.internal.Invoker.invokeConfigurations(Invoker.java:142)
	at org.testng.SuiteRunner.privateRun(SuiteRunner.java:305)
	at org.testng.SuiteRunner.run(SuiteRunner.java:268)
	at org.testng.SuiteRunnerWorker.runSuite(SuiteRunnerWorker.java:52)
	at org.testng.SuiteRunnerWorker.run(SuiteRunnerWorker.java:86)
	at org.testng.TestNG.runSuitesSequentially(TestNG.java:1244)
	at org.testng.TestNG.runSuitesLocally(TestNG.java:1169)
	at org.testng.TestNG.run(TestNG.java:1064)
	at org.testng.remote.AbstractRemoteTestNG.run(AbstractRemoteTestNG.java:115)
	at org.testng.remote.RemoteTestNG.initAndRun(RemoteTestNG.java:251)
	at org.testng.remote.RemoteTestNG.main(RemoteTestNG.java:77)
]]>
    </failure>
  </testcase> <!-- @BeforeSuite init -->
  <testcase name="listCreateTest" time="0.007" classname="com.ibm.testScripts.TopGainerTest">
    <skipped/>
  </testcase> <!-- listCreateTest -->
</testsuite> <!-- Default test -->
